<?xml version="1.0" encoding="UTF-8"?>
<testsuite xmlns:xsi="http://www.w3.org/2001/XMLSchema-instance" xsi:noNamespaceSchemaLocation="https://maven.apache.org/surefire/maven-surefire-plugin/xsd/surefire-test-report-3.0.xsd" version="3.0" name="com.tictactoe.tictactoe.TictactoeApplicationTests" time="1.306" tests="1" errors="0" skipped="0" failures="0">
  <properties>
[...]
</properties>
  <testcase name="contextLoads" classname="com.tictactoe.tictactoe.TictactoeApplicationTests" time="0.454">
    <system-out><![CDATA[13:17:02.596 [main] INFO org.springframework.test.context.support.AnnotationConfigContextLoaderUtils -- Could not detect default configuration classes for test class [com.tictactoe.tictactoe.TictactoeApplicationTests]: TictactoeApplicationTests does not declare any static, non-private, non-final, nested classes annotated with @Configuration.
13:17:02.641 [main] INFO org.springframework.boot.test.context.SpringBootTestContextBootstrapper -- Found @SpringBootConfiguration com.tictactoe.tictactoe.TictactoeApplication for test class com.tictactoe.tictactoe.TictactoeApplicationTests

  .   ____          _            __ _ _
 /\\ / ___'_ __ _ _(_)_ __  __ _ \ \ \ \
( ( )\___ | '_ | '_| | '_ \/ _` | \ \ \ \
 \\/  ___)| |_)| | | | | || (_| |  ) ) ) )
  '  |____| .__|_| |_|_| |_\__, | / / / /
 =========|_|==============|___/=/_/_/_/

 :: Spring Boot ::                (v3.3.5)

2024-11-10T13:17:02.825+05:30  INFO 8585 --- [tictactoe] [           main] c.t.tictactoe.TictactoeApplicationTests  : Starting TictactoeApplicationTests using Java 22 with PID 8585 (started by pankajshukla in /Users/pankajshukla/work/tic-tac-toe/backend)
2024-11-10T13:17:02.825+05:30  INFO 8585 --- [tictactoe] [           main] c.t.tictactoe.TictactoeApplicationTests  : No active profile set, falling back to 1 default profile: "default"
2024-11-10T13:17:03.351+05:30  INFO 8585 --- [tictactoe] [           main] o.s.m.s.b.SimpleBrokerMessageHandler     : Starting...
2024-11-10T13:17:03.352+05:30  INFO 8585 --- [tictactoe] [           main] o.s.m.s.b.SimpleBrokerMessageHandler     : BrokerAvailabilityEvent[available=true, SimpleBrokerMessageHandler [org.springframework.messaging.simp.broker.DefaultSubscriptionRegistry@40247d48]]
2024-11-10T13:17:03.353+05:30  INFO 8585 --- [tictactoe] [           main] o.s.m.s.b.SimpleBrokerMessageHandler     : Started.
2024-11-10T13:17:03.357+05:30  INFO 8585 --- [tictactoe] [           main] c.t.tictactoe.TictactoeApplicationTests  : Started TictactoeApplicationTests in 0.663 seconds (process running for 1.088)
]]></system-out>
    <system-err><![CDATA[WARNING: A Java agent has been loaded dynamically (/Users/pankajshukla/.m2/repository/net/bytebuddy/byte-buddy-agent/1.14.19/byte-buddy-agent-1.14.19.jar)
WARNING: If a serviceability tool is in use, please run with -XX:+EnableDynamicAgentLoading to hide this warning
WARNING: If a serviceability tool is not in use, please run with -Djdk.instrument.traceUsage for more information
WARNING: Dynamic loading of agents will be disallowed by default in a future release
]]></system-err>
  </testcase>
</testsuite>